<?xml version="1.0" encoding="UTF-8"?>
<!-- Generated by org.testng.reporters.JUnitReportReporter -->
<testsuite hostname="Kirans-MacBook-Air.local" failures="0" tests="3" name="divisionZeroTest" time="0.004" errors="0" timestamp="21 May 2019 03:21:34 GMT" skipped="0">
  <testcase classname="divisionZeroTest" name="divisionZeroTest3" time="0.001"/>
  <testcase classname="divisionZeroTest" name="divisionZeroTest" time="0.002"/>
  <testcase classname="divisionZeroTest" name="divisionZeroTest2" time="0.001"/>
</testsuite> <!-- divisionZeroTest -->
