<?xml version="1.0" encoding="UTF-8"?>
<!-- Generated by org.testng.reporters.JUnitReportReporter -->
<testsuite hostname="Kirans-MacBook-Air.local" failures="0" tests="5" name="subTest" time="0.001" errors="0" timestamp="21 May 2019 03:21:34 GMT" skipped="0">
  <testcase classname="subTest" name="subTest5" time="0.000"/>
  <testcase classname="subTest" name="subTest" time="0.001"/>
  <testcase classname="subTest" name="subTest2" time="0.000"/>
  <testcase classname="subTest" name="subTest3" time="0.000"/>
  <testcase classname="subTest" name="subTest4" time="0.000"/>
</testsuite> <!-- subTest -->
