<?xml version="1.0" encoding="UTF-8"?>
<!-- Generated by org.testng.reporters.JUnitReportReporter -->
<testsuite hostname="Kirans-MacBook-Air.local" failures="0" tests="1" name="divisionTest" time="0.000" errors="0" timestamp="20 May 2019 22:31:54 GMT" skipped="0">
  <testcase classname="divisionTest" name="divisionTest" time="0.000"/>
</testsuite> <!-- divisionTest -->
