<?xml version="1.0" encoding="UTF-8"?>
<!-- Generated by org.testng.reporters.JUnitReportReporter -->
<testsuite hostname="Kirans-MacBook-Air.local" failures="0" tests="5" name="additionNegativeTest" time="0.013" errors="0" timestamp="21 May 2019 03:21:34 GMT" skipped="0">
  <testcase classname="additionNegativeTest" name="additionNegativeTest" time="0.011"/>
  <testcase classname="additionNegativeTest" name="additionNegativeTest2" time="0.001"/>
  <testcase classname="additionNegativeTest" name="additionNegativeTest3" time="0.001"/>
  <testcase classname="additionNegativeTest" name="additionNegativeTest5" time="0.000"/>
  <testcase classname="additionNegativeTest" name="additionNegativeTest4" time="0.000"/>
</testsuite> <!-- additionNegativeTest -->
