<?xml version="1.0" encoding="UTF-8"?>
<!-- Generated by org.testng.reporters.JUnitReportReporter -->
<testsuite hostname="Kirans-MacBook-Air.local" failures="0" tests="6" name="productTest" time="0.001" errors="0" timestamp="21 May 2019 03:21:34 GMT" skipped="0">
  <testcase classname="productTest" name="productTest2" time="0.000"/>
  <testcase classname="productTest" name="productTest3" time="0.000"/>
  <testcase classname="productTest" name="productTest4" time="0.001"/>
  <testcase classname="productTest" name="productTest" time="0.000"/>
  <testcase classname="productTest" name="productTest5" time="0.000"/>
  <testcase classname="productTest" name="productTest6" time="0.000"/>
</testsuite> <!-- productTest -->
