<?xml version="1.0" encoding="UTF-8"?>
<!-- Generated by org.testng.reporters.JUnitReportReporter -->
<testsuite hostname="Kirans-MacBook-Air.local" failures="0" tests="1" name="additionTest" time="0.011" errors="0" timestamp="20 May 2019 22:31:54 GMT" skipped="0">
  <testcase classname="additionTest" name="additionTest" time="0.011"/>
</testsuite> <!-- additionTest -->
