<?xml version="1.0" encoding="UTF-8"?>
<!-- Generated by org.testng.reporters.JUnitReportReporter -->
<testsuite hostname="Kirans-MacBook-Air.local" failures="0" tests="1" name="remainderTest" time="0.000" errors="0" timestamp="21 May 2019 03:21:34 GMT" skipped="0">
  <testcase classname="remainderTest" name="remainderTest" time="0.000"/>
</testsuite> <!-- remainderTest -->
